<?xml version="1.0" encoding="UTF-8"?>
<testsuite xmlns:xsi="http://www.w3.org/2001/XMLSchema-instance" xsi:noNamespaceSchemaLocation="https://maven.apache.org/surefire/maven-surefire-plugin/xsd/surefire-test-report-3.0.xsd" version="3.0" name="persistencia.GestioProducteTest" time="0.176" tests="21" errors="0" skipped="0" failures="0">
  <properties>
[...]
</properties>
  <testcase name="testModificarStock" classname="persistencia.GestioProducteTest" time="0.061">
    <system-out><![CDATA[[1] PRODUCTOSTOCK añadido correctamente.
]]></system-out>
  </testcase>
  <testcase name="testAfegirProductePreuNegatiu" classname="persistencia.GestioProducteTest" time="0.004"/>
  <testcase name="testCercaPerNom" classname="persistencia.GestioProducteTest" time="0.006">
    <system-out><![CDATA[[1] MOUSE añadido correctamente.
[2] MOUSE añadido correctamente.
]]></system-out>
  </testcase>
  <testcase name="testModificarProducteNoExistent" classname="persistencia.GestioProducteTest" time="0.006"/>
  <testcase name="testCercaPerCodi" classname="persistencia.GestioProducteTest" time="0.007">
    <system-out><![CDATA[[1] PRODUCTO2 añadido correctamente.
]]></system-out>
  </testcase>
  <testcase name="testDescatalogarProducte" classname="persistencia.GestioProducteTest" time="0.004">
    <system-out><![CDATA[[1] PRODUCTODESC añadido correctamente.
]]></system-out>
  </testcase>
  <testcase name="testEsborrarDescatalogats" classname="persistencia.GestioProducteTest" time="0.015">
    <system-out><![CDATA[[1] PRODUCTOACTIVO añadido correctamente.
[2] PRODUCTODESC añadido correctamente.
]]></system-out>
  </testcase>
  <testcase name="testModificarProductePreuNegativo" classname="persistencia.GestioProducteTest" time="0.002">
    <system-out><![CDATA[[1] PROD1 añadido correctamente.
]]></system-out>
  </testcase>
  <testcase name="testModificarStockNegativo" classname="persistencia.GestioProducteTest" time="0.004">
    <system-out><![CDATA[[1] PRODUCTOSTOCK añadido correctamente.
]]></system-out>
  </testcase>
  <testcase name="testCercaDescatalogats" classname="persistencia.GestioProducteTest" time="0.004">
    <system-out><![CDATA[[1] PROD1 añadido correctamente.
[2] PROD2 añadido correctamente.
]]></system-out>
  </testcase>
  <testcase name="testModificarProducteStockNegativo" classname="persistencia.GestioProducteTest" time="0.002">
    <system-out><![CDATA[[1] PROD1 añadido correctamente.
]]></system-out>
  </testcase>
  <testcase name="testDescatalogarProducteNoExistent" classname="persistencia.GestioProducteTest" time="0.002"/>
  <testcase name="testModificarStockNoExistent" classname="persistencia.GestioProducteTest" time="0.002"/>
  <testcase name="testCercaSenseStock" classname="persistencia.GestioProducteTest" time="0.005">
    <system-out><![CDATA[[1] PROD1 añadido correctamente.
[2] PROD2 añadido correctamente.
[3] PROD3 añadido correctamente.
]]></system-out>
  </testcase>
  <testcase name="testCercaPerCodiNoExistent" classname="persistencia.GestioProducteTest" time="0.002"/>
  <testcase name="testCercaPerCodiNegatiu" classname="persistencia.GestioProducteTest" time="0.001"/>
  <testcase name="testAfegirProducte" classname="persistencia.GestioProducteTest" time="0.002">
    <system-out><![CDATA[[1] PRODUCTO1 añadido correctamente.
]]></system-out>
  </testcase>
  <testcase name="testExportarSenseStock" classname="persistencia.GestioProducteTest" time="0.004">
    <system-out><![CDATA[[1] PROD1 añadido correctamente.
]]></system-out>
  </testcase>
  <testcase name="testExportarDescatalogats" classname="persistencia.GestioProducteTest" time="0.004">
    <system-out><![CDATA[[1] PROD1 añadido correctamente.
]]></system-out>
  </testcase>
  <testcase name="testAfegirProducteStockNegatiu" classname="persistencia.GestioProducteTest" time="0.002"/>
  <testcase name="testModificarProducte" classname="persistencia.GestioProducteTest" time="0.003">
    <system-out><![CDATA[[1] PROD1 añadido correctamente.
]]></system-out>
  </testcase>
</testsuite>